<?xml version="1.0" encoding="UTF-8"?>
<testsuite xmlns:xsi="http://www.w3.org/2001/XMLSchema-instance" xsi:noNamespaceSchemaLocation="https://maven.apache.org/surefire/maven-surefire-plugin/xsd/surefire-test-report-3.0.xsd" version="3.0" name="com.hrms.runners.APIRunner" time="5.289" tests="5" errors="0" skipped="0" failures="0">
  <properties>
[...]
</properties>
  <testcase name="Creating an employee" classname="Syntax HRMS API Workflow" time="2.991">
    <system-out><![CDATA[
@CreateEmployees
Scenario: Creating an employee                                                                           # src/test/resources/features/APIWorkflow.feature:11
{
    "token": "eyJ0eXAiOiJKV1QiLCJhbGciOiJIUzI1NiJ9.eyJpYXQiOjE2MDQxNjY1OTgsImlzcyI6ImxvY2FsaG9zdCIsImV4cCI6MTYwNDIwOTc5OCwidXNlcklkIjoiMTI2MyJ9.gXB1B9uJd5OqLTQRHl2rPrHqjAL_ocHm2WWiqv0JwY0"
}
  Given a JWT is generated                                                                               # com.hrms.API.Final.steps.GenerateTokenSteps.a_JWT_is_generated()
  Given A request is prepared to create an employee                                                      # com.hrms.API.Final.steps.APIFinalSteps.a_request_is_prepared_to_create_an_employee()
  When A POST call is made to create an employee                                                         # com.hrms.API.Final.steps.APIFinalSteps.a_POST_call_is_made_to_create_an_employee()
  Then The status code for creating an employee is 201                                                   # com.hrms.API.Final.steps.APIFinalSteps.the_status_code_for_creating_an_employee_is(int)
  And The employee is created contains key "Message" and value "Entry Created"                           # com.hrms.API.Final.steps.APIFinalSteps.the_employee_is_created_contains_key_and_value(java.lang.String,java.lang.String)
  And The employee ID "Employee[0].employee_id"is stored as a global variable to be used for other calls # com.hrms.API.Final.steps.APIFinalSteps.the_employee_ID_is_stored_as_a_global_variable_to_be_used_for_other_calls(java.lang.String)
]]></system-out>
    <system-err><![CDATA[Oct 31, 2020 10:49:59 AM io.cucumber.junit.Cucumber <init>
WARNING: By default Cucumber is running in --non-strict mode.
This default will change to --strict and --non-strict will be removed.
You can use --strict or @CucumberOptions(strict = true) to suppress this warning
]]></system-err>
  </testcase>
  <testcase name="Retrieving created employee" classname="Syntax HRMS API Workflow" time="0.532">
    <system-out><![CDATA[
@CreateEmployees
Scenario: Retrieving created employee                                                                                         # src/test/resources/features/APIWorkflow.feature:20
{
    "token": "eyJ0eXAiOiJKV1QiLCJhbGciOiJIUzI1NiJ9.eyJpYXQiOjE2MDQxNjY2MDAsImlzcyI6ImxvY2FsaG9zdCIsImV4cCI6MTYwNDIwOTgwMCwidXNlcklkIjoiMTI2MyJ9.YsjOY57CpWscULcn8aFOQMrtk21I8hUUijEAD888iTw"
}
  Given a JWT is generated                                                                                                    # com.hrms.API.Final.steps.GenerateTokenSteps.a_JWT_is_generated()
  Given a request is prepared to retrieve the created employee                                                                # com.hrms.API.Final.steps.APIFinalSteps.a_request_is_prepared_to_retrieve_the_created_employee()
  When a GET call is made to retrieve the created employee                                                                    # com.hrms.API.Final.steps.APIFinalSteps.a_GET_call_is_made_to_retrieve_the_created_employee()
  Then the status code retrieving the created employee is 200                                                                 # com.hrms.API.Final.steps.APIFinalSteps.the_status_code_retrieving_the_created_employee_is(int)
  And the retrieved employee ID "employee[0].employee_id" matches the globally stored employee ID                             # com.hrms.API.Final.steps.APIFinalSteps.the_retrieved_employee_ID_matches_the_globally_stored_employee_ID(java.lang.String)
  And the retrieved data at "employee" matches the data used to create an employee with employee ID "employee[0].employee_id" # com.hrms.API.Final.steps.APIFinalSteps.the_retrieved_data_at_matches_the_data_used_to_create_an_employee_with_employee_ID(java.lang.String,java.lang.String,io.cucumber.datatable.DataTable)
]]></system-out>
  </testcase>
  <testcase name="Creating employees" classname="Creating Employees" time="0.444">
    <system-out><![CDATA[
@CreateEmployees
Scenario Outline: Creating employees                                                               # src/test/resources/features/createEmployees.feature:16
{
    "token": "eyJ0eXAiOiJKV1QiLCJhbGciOiJIUzI1NiJ9.eyJpYXQiOjE2MDQxNjY2MDEsImlzcyI6ImxvY2FsaG9zdCIsImV4cCI6MTYwNDIwOTgwMSwidXNlcklkIjoiMTI2MyJ9.7Yzq5_XKfTn4fqkIUJ99kFRKfF2Ri7nPRZVADds5jrA"
}
  Given a JWT is generated                                                                         # com.hrms.API.Final.steps.GenerateTokenSteps.a_JWT_is_generated()
  Given a request is prepared to create employees                                                  # com.hrms.API.Final.steps.CreateEmployees.a_request_is_prepared_to_create_employees()
  When employee data provided is "Bob", "Bob", "Bob","M","2000-07-11","Employee","Cloud Architect" # com.hrms.API.Final.steps.CreateEmployees.employee_data_provided_is(java.lang.String,java.lang.String,java.lang.String,java.lang.String,java.lang.String,java.lang.String,java.lang.String)
{
    "Message": "Entry Created",
    "Employee": [
        {
            "employee_id": "29985A",
            "emp_firstname": "Bob",
            "emp_middle_name": "Bob",
            "emp_lastname": "Bob",
            "emp_birthday": "2000-07-11",
            "emp_gender": "Male",
            "emp_job_title": "Cloud Architect",
            "emp_status": "Employee"
        }
    ]
}
  Then employees are created                                                                       # com.hrms.API.Final.steps.CreateEmployees.employees_are_created()
]]></system-out>
  </testcase>
  <testcase name="Creating employees" classname="Creating Employees" time="0.378">
    <system-out><![CDATA[
@CreateEmployees
Scenario Outline: Creating employees                                                                              # src/test/resources/features/createEmployees.feature:17
{
    "token": "eyJ0eXAiOiJKV1QiLCJhbGciOiJIUzI1NiJ9.eyJpYXQiOjE2MDQxNjY2MDEsImlzcyI6ImxvY2FsaG9zdCIsImV4cCI6MTYwNDIwOTgwMSwidXNlcklkIjoiMTI2MyJ9.7Yzq5_XKfTn4fqkIUJ99kFRKfF2Ri7nPRZVADds5jrA"
}
  Given a JWT is generated                                                                                        # com.hrms.API.Final.steps.GenerateTokenSteps.a_JWT_is_generated()
  Given a request is prepared to create employees                                                                 # com.hrms.API.Final.steps.CreateEmployees.a_request_is_prepared_to_create_employees()
  When employee data provided is "Gozde", "Gozde", "Gozde","F","2000-07-11","Independent contractor","API Tester" # com.hrms.API.Final.steps.CreateEmployees.employee_data_provided_is(java.lang.String,java.lang.String,java.lang.String,java.lang.String,java.lang.String,java.lang.String,java.lang.String)
{
    "Message": "Entry Created",
    "Employee": [
        {
            "employee_id": "29986A",
            "emp_firstname": "Gozde",
            "emp_middle_name": "Gozde",
            "emp_lastname": "Gozde",
            "emp_birthday": "2000-07-11",
            "emp_gender": "Female",
            "emp_job_title": "API Tester",
            "emp_status": "Independent contractor"
        }
    ]
}
  Then employees are created                                                                                      # com.hrms.API.Final.steps.CreateEmployees.employees_are_created()
]]></system-out>
  </testcase>
  <testcase name="Creating employees" classname="Creating Employees" time="0.4">
    <system-out><![CDATA[
@CreateEmployees
Scenario Outline: Creating employees                                                              # src/test/resources/features/createEmployees.feature:18
{
    "token": "eyJ0eXAiOiJKV1QiLCJhbGciOiJIUzI1NiJ9.eyJpYXQiOjE2MDQxNjY2MDEsImlzcyI6ImxvY2FsaG9zdCIsImV4cCI6MTYwNDIwOTgwMSwidXNlcklkIjoiMTI2MyJ9.7Yzq5_XKfTn4fqkIUJ99kFRKfF2Ri7nPRZVADds5jrA"
}
  Given a JWT is generated                                                                        # com.hrms.API.Final.steps.GenerateTokenSteps.a_JWT_is_generated()
  Given a request is prepared to create employees                                                 # com.hrms.API.Final.steps.CreateEmployees.a_request_is_prepared_to_create_employees()
  When employee data provided is "Irma", "Irma", "Irma","F","2000-07-11","Super Contractor","CEO" # com.hrms.API.Final.steps.CreateEmployees.employee_data_provided_is(java.lang.String,java.lang.String,java.lang.String,java.lang.String,java.lang.String,java.lang.String,java.lang.String)
{
    "Message": "Entry Created",
    "Employee": [
        {
            "employee_id": "29987A",
            "emp_firstname": "Irma",
            "emp_middle_name": "Irma",
            "emp_lastname": "Irma",
            "emp_birthday": "2000-07-11",
            "emp_gender": "Female",
            "emp_job_title": "CEO",
            "emp_status": "Super Contractor"
        }
    ]
}
  Then employees are created                                                                      # com.hrms.API.Final.steps.CreateEmployees.employees_are_created()
]]></system-out>
  </testcase>
</testsuite>